<?xml version="1.0" encoding="UTF-8"?>
<robot generator="Robot 6.0.2 (Python 3.11.3 on win32)" generated="20230607 14:46:17.552" rpa="false" schemaversion="3">
<suite id="s1" name="testDemo6" source="C:\Users\Sneha\PycharmProjects\RobotFramework\tests\testDemo6.robot">
<test id="s1-t1" name="Validate Successful Login" line="18">
<kw name="open the browser with the Mortgage payment url" library="Generic" type="SETUP">
<kw name="Create Webdriver" library="SeleniumLibrary">
<arg>Chrome</arg>
<arg>executable_path=C:\browswedrivers\chromedriver</arg>
<doc>Creates an instance of Selenium WebDriver.</doc>
<msg timestamp="20230607 14:46:18.187" level="INFO">Creating an instance of the Chrome WebDriver.</msg>
<msg timestamp="20230607 14:46:18.188" level="INFO">Applicable driver not found; attempting to install with Selenium Manager (Beta)</msg>
<status status="PASS" starttime="20230607 14:46:18.186" endtime="20230607 14:46:20.007"/>
</kw>
<kw name="Go To" library="SeleniumLibrary">
<arg>https://rahulshettyacademy.com/loginpagePractise/</arg>
<doc>Navigates the current browser window to the provided ``url``.</doc>
<msg timestamp="20230607 14:46:20.007" level="INFO">Opening url 'https://rahulshettyacademy.com/loginpagePractise/'</msg>
<status status="PASS" starttime="20230607 14:46:20.007" endtime="20230607 14:46:22.202"/>
</kw>
<status status="PASS" starttime="20230607 14:46:18.186" endtime="20230607 14:46:22.202"/>
</kw>
<kw name="Fill the login form" library="LandingPage">
<arg>${user_name}</arg>
<arg>${invalid_password}</arg>
<kw name="Input Text" library="SeleniumLibrary">
<arg>id:username</arg>
<arg>${username}</arg>
<doc>Types the given ``text`` into the text field identified by ``locator``.</doc>
<msg timestamp="20230607 14:46:22.204" level="INFO">Typing text 'rahulshettyacademy' into text field 'id:username'.</msg>
<status status="PASS" starttime="20230607 14:46:22.203" endtime="20230607 14:46:22.411"/>
</kw>
<kw name="Input Password" library="SeleniumLibrary">
<arg>id:password</arg>
<arg>${password}</arg>
<doc>Types the given password into the text field identified by ``locator``.</doc>
<msg timestamp="20230607 14:46:22.414" level="INFO">Typing password into text field 'id:password'.</msg>
<msg timestamp="20230607 14:46:22.468" level="INFO">Temporally setting log level to: NONE</msg>
<msg timestamp="20230607 14:46:22.541" level="INFO">Log level changed from NONE to INFO.</msg>
<status status="PASS" starttime="20230607 14:46:22.411" endtime="20230607 14:46:22.541"/>
</kw>
<kw name="Click Button" library="SeleniumLibrary">
<arg>signInBtn</arg>
<doc>Clicks the button identified by ``locator``.</doc>
<msg timestamp="20230607 14:46:22.542" level="INFO">Clicking button 'signInBtn'.</msg>
<status status="PASS" starttime="20230607 14:46:22.541" endtime="20230607 14:46:22.622"/>
</kw>
<status status="PASS" starttime="20230607 14:46:22.203" endtime="20230607 14:46:22.622"/>
</kw>
<kw name="wait until Element is located in the page" library="LandingPage">
<kw name="Wait Until Element Is Visible" library="SeleniumLibrary">
<arg>${Error_Message_Login}</arg>
<doc>Waits until the element ``locator`` is visible.</doc>
<status status="PASS" starttime="20230607 14:46:22.623" endtime="20230607 14:46:24.704"/>
</kw>
<status status="PASS" starttime="20230607 14:46:22.623" endtime="20230607 14:46:24.704"/>
</kw>
<kw name="verify error message is correct" library="LandingPage">
<kw name="Get Text" library="SeleniumLibrary">
<var>${result}</var>
<arg>${Error_Message_Login}</arg>
<doc>Returns the text value of the element identified by ``locator``.</doc>
<msg timestamp="20230607 14:46:24.740" level="INFO">${result} = Incorrect username/password.</msg>
<status status="PASS" starttime="20230607 14:46:24.705" endtime="20230607 14:46:24.740"/>
</kw>
<kw name="Should Be Equal As Strings" library="BuiltIn">
<arg>${result}</arg>
<arg>Incorrect username/password.</arg>
<doc>Fails if objects are unequal after converting them to strings.</doc>
<status status="PASS" starttime="20230607 14:46:24.741" endtime="20230607 14:46:24.741"/>
</kw>
<kw name="Element Text Should Be" library="SeleniumLibrary">
<arg>${Error_Message_Login}</arg>
<arg>Incorrect username/password.</arg>
<doc>Verifies that element ``locator`` contains exact the text ``expected``.</doc>
<msg timestamp="20230607 14:46:24.742" level="INFO">Verifying element 'css:.alert-danger' contains exact text 'Incorrect username/password.'.</msg>
<status status="PASS" starttime="20230607 14:46:24.741" endtime="20230607 14:46:24.782"/>
</kw>
<status status="PASS" starttime="20230607 14:46:24.705" endtime="20230607 14:46:24.783"/>
</kw>
<status status="PASS" starttime="20230607 14:46:18.185" endtime="20230607 14:46:24.785"/>
</test>
<test id="s1-t2" name="Validate Cards display in the shopping page" line="23">
<kw name="open the browser with the Mortgage payment url" library="Generic" type="SETUP">
<kw name="Create Webdriver" library="SeleniumLibrary">
<arg>Chrome</arg>
<arg>executable_path=C:\browswedrivers\chromedriver</arg>
<doc>Creates an instance of Selenium WebDriver.</doc>
<msg timestamp="20230607 14:46:24.794" level="INFO">Creating an instance of the Chrome WebDriver.</msg>
<msg timestamp="20230607 14:46:24.796" level="INFO">Applicable driver not found; attempting to install with Selenium Manager (Beta)</msg>
<status status="PASS" starttime="20230607 14:46:24.793" endtime="20230607 14:46:26.609"/>
</kw>
<kw name="Go To" library="SeleniumLibrary">
<arg>https://rahulshettyacademy.com/loginpagePractise/</arg>
<doc>Navigates the current browser window to the provided ``url``.</doc>
<msg timestamp="20230607 14:46:26.610" level="INFO">Opening url 'https://rahulshettyacademy.com/loginpagePractise/'</msg>
<status status="PASS" starttime="20230607 14:46:26.609" endtime="20230607 14:46:29.064"/>
</kw>
<status status="PASS" starttime="20230607 14:46:24.791" endtime="20230607 14:46:29.064"/>
</kw>
<kw name="Fill the login form" library="LandingPage">
<arg>${user_name}</arg>
<arg>${valid_password}</arg>
<kw name="Input Text" library="SeleniumLibrary">
<arg>id:username</arg>
<arg>${username}</arg>
<doc>Types the given ``text`` into the text field identified by ``locator``.</doc>
<msg timestamp="20230607 14:46:29.066" level="INFO">Typing text 'rahulshettyacademy' into text field 'id:username'.</msg>
<status status="PASS" starttime="20230607 14:46:29.065" endtime="20230607 14:46:29.305"/>
</kw>
<kw name="Input Password" library="SeleniumLibrary">
<arg>id:password</arg>
<arg>${password}</arg>
<doc>Types the given password into the text field identified by ``locator``.</doc>
<msg timestamp="20230607 14:46:29.306" level="INFO">Typing password into text field 'id:password'.</msg>
<msg timestamp="20230607 14:46:29.360" level="INFO">Temporally setting log level to: NONE</msg>
<msg timestamp="20230607 14:46:29.438" level="INFO">Log level changed from NONE to INFO.</msg>
<status status="PASS" starttime="20230607 14:46:29.305" endtime="20230607 14:46:29.438"/>
</kw>
<kw name="Click Button" library="SeleniumLibrary">
<arg>signInBtn</arg>
<doc>Clicks the button identified by ``locator``.</doc>
<msg timestamp="20230607 14:46:29.439" level="INFO">Clicking button 'signInBtn'.</msg>
<status status="PASS" starttime="20230607 14:46:29.439" endtime="20230607 14:46:29.521"/>
</kw>
<status status="PASS" starttime="20230607 14:46:29.065" endtime="20230607 14:46:29.522"/>
</kw>
<kw name="wait until Element is located in the page" library="ShopPage">
<kw name="Wait Until Element Is Visible" library="SeleniumLibrary">
<arg>${Shop_page_load}</arg>
<doc>Waits until the element ``locator`` is visible.</doc>
<status status="PASS" starttime="20230607 14:46:29.523" endtime="20230607 14:46:33.177"/>
</kw>
<status status="PASS" starttime="20230607 14:46:29.522" endtime="20230607 14:46:33.177"/>
</kw>
<kw name="Verify Card Titles In The Shop Page" library="ShopPage">
<kw name="Create List" library="BuiltIn">
<var>@{expectedList}</var>
<arg>iphone X</arg>
<arg>Sanmsung Note 8</arg>
<arg>Nokia Edge</arg>
<arg>Blackberry</arg>
<doc>Returns a list containing given items.</doc>
<msg timestamp="20230607 14:46:33.178" level="INFO">@{expectedList} = [ iphone X | Sanmsung Note 8 | Nokia Edge | Blackberry ]</msg>
<status status="PASS" starttime="20230607 14:46:33.178" endtime="20230607 14:46:33.178"/>
</kw>
<kw name="Get WebElements" library="SeleniumLibrary">
<var>${elements}</var>
<arg>css:.card-title</arg>
<doc>Returns a list of WebElement objects matching the ``locator``.</doc>
<msg timestamp="20230607 14:46:33.193" level="INFO">${elements} = [&lt;selenium.webdriver.remote.webelement.WebElement (session="dd4524f411139e91fad29402807ae466", element="32F312054E0D2A5503107389AF658BED_element_52")&gt;, &lt;selenium.webdriver.remote.webelement.WebElement...</msg>
<status status="PASS" starttime="20230607 14:46:33.179" endtime="20230607 14:46:33.193"/>
</kw>
<kw name="Create List" library="BuiltIn">
<var>@{actualList}</var>
<doc>Returns a list containing given items.</doc>
<msg timestamp="20230607 14:46:33.194" level="INFO">@{actualList} = [ ]</msg>
<status status="PASS" starttime="20230607 14:46:33.194" endtime="20230607 14:46:33.194"/>
</kw>
<for flavor="IN">
<var>${element}</var>
<value>${elements}:</value>
<iter>
<var name="${element}">[&lt;selenium.webdriver.remote.webelement.WebElement (session="dd4524f411139e91fad29402807ae466", element="32F312054E0D2A5503107389AF658BED_element_52")&gt;, &lt;selenium.webdriver.remote.webelement.WebElement...</var>
<kw name="Append To List" library="Collections">
<arg>${actualList}</arg>
<arg>${element.text}</arg>
<doc>Adds ``values`` to the end of ``list``.</doc>
<msg timestamp="20230607 14:46:33.196" level="FAIL">Resolving variable '${element.text}' failed: AttributeError: 'str' object has no attribute 'text'</msg>
<status status="FAIL" starttime="20230607 14:46:33.194" endtime="20230607 14:46:33.196"/>
</kw>
<status status="FAIL" starttime="20230607 14:46:33.194" endtime="20230607 14:46:33.196"/>
</iter>
<status status="FAIL" starttime="20230607 14:46:33.194" endtime="20230607 14:46:33.196"/>
</for>
<kw name="Lists Should Be Equal" library="Collections">
<arg>${expectedList}</arg>
<arg>${actualList}</arg>
<doc>Fails if given lists are unequal.</doc>
<status status="NOT RUN" starttime="20230607 14:46:33.197" endtime="20230607 14:46:33.197"/>
</kw>
<status status="FAIL" starttime="20230607 14:46:33.177" endtime="20230607 14:46:33.197"/>
</kw>
<kw name="Add Items To Card And Checkout">
<arg>${listofProducts}</arg>
<status status="NOT RUN" starttime="20230607 14:46:33.202" endtime="20230607 14:46:33.202"/>
</kw>
<status status="FAIL" starttime="20230607 14:46:24.789" endtime="20230607 14:46:33.202">Resolving variable '${element.text}' failed: AttributeError: 'str' object has no attribute 'text'</status>
</test>
<test id="s1-t3" name="Select the Form and navigate to Child window" line="31">
<kw name="open the browser with the Mortgage payment url" library="Generic" type="SETUP">
<kw name="Create Webdriver" library="SeleniumLibrary">
<arg>Chrome</arg>
<arg>executable_path=C:\browswedrivers\chromedriver</arg>
<doc>Creates an instance of Selenium WebDriver.</doc>
<msg timestamp="20230607 14:46:33.205" level="INFO">Creating an instance of the Chrome WebDriver.</msg>
<msg timestamp="20230607 14:46:33.206" level="INFO">Applicable driver not found; attempting to install with Selenium Manager (Beta)</msg>
<status status="PASS" starttime="20230607 14:46:33.205" endtime="20230607 14:46:35.083"/>
</kw>
<kw name="Go To" library="SeleniumLibrary">
<arg>https://rahulshettyacademy.com/loginpagePractise/</arg>
<doc>Navigates the current browser window to the provided ``url``.</doc>
<msg timestamp="20230607 14:46:35.083" level="INFO">Opening url 'https://rahulshettyacademy.com/loginpagePractise/'</msg>
<status status="PASS" starttime="20230607 14:46:35.083" endtime="20230607 14:46:38.701"/>
</kw>
<status status="PASS" starttime="20230607 14:46:33.205" endtime="20230607 14:46:38.701"/>
</kw>
<kw name="Fill the Login Details and select the User option" library="LandingPage">
<kw name="Input Text" library="SeleniumLibrary">
<arg>id:username</arg>
<arg>rahulshettyacademy</arg>
<doc>Types the given ``text`` into the text field identified by ``locator``.</doc>
<msg timestamp="20230607 14:46:38.703" level="INFO">Typing text 'rahulshettyacademy' into text field 'id:username'.</msg>
<status status="PASS" starttime="20230607 14:46:38.702" endtime="20230607 14:46:39.067"/>
</kw>
<kw name="Input Password" library="SeleniumLibrary">
<arg>id:password</arg>
<arg>learning</arg>
<doc>Types the given password into the text field identified by ``locator``.</doc>
<msg timestamp="20230607 14:46:39.069" level="INFO">Typing password into text field 'id:password'.</msg>
<msg timestamp="20230607 14:46:39.158" level="INFO">Temporally setting log level to: NONE</msg>
<msg timestamp="20230607 14:46:39.241" level="INFO">Log level changed from NONE to INFO.</msg>
<status status="PASS" starttime="20230607 14:46:39.068" endtime="20230607 14:46:39.241"/>
</kw>
<kw name="Click Element" library="SeleniumLibrary">
<arg>css:input[value='user']</arg>
<doc>Click the element identified by ``locator``.</doc>
<msg timestamp="20230607 14:46:39.242" level="INFO">Clicking element 'css:input[value='user']'.</msg>
<status status="PASS" starttime="20230607 14:46:39.241" endtime="20230607 14:46:39.337"/>
</kw>
<kw name="Wait Until Element Is Visible" library="SeleniumLibrary">
<arg>css:.modal-body</arg>
<doc>Waits until the element ``locator`` is visible.</doc>
<status status="PASS" starttime="20230607 14:46:39.337" endtime="20230607 14:46:39.657"/>
</kw>
<kw name="Click Element" library="SeleniumLibrary">
<arg>okayBtn</arg>
<doc>Click the element identified by ``locator``.</doc>
<msg timestamp="20230607 14:46:39.658" level="INFO">Clicking element 'okayBtn'.</msg>
<status status="PASS" starttime="20230607 14:46:39.657" endtime="20230607 14:46:39.733"/>
</kw>
<kw name="Wait Until Element Is Not Visible" library="SeleniumLibrary">
<arg>css:.modal-body</arg>
<doc>Waits until the element ``locator`` is not visible.</doc>
<status status="PASS" starttime="20230607 14:46:39.733" endtime="20230607 14:46:40.007"/>
</kw>
<kw name="Select From List By Value" library="SeleniumLibrary">
<arg>css:select.form-control</arg>
<arg>teach</arg>
<doc>Selects options from selection list ``locator`` by ``values``.</doc>
<msg timestamp="20230607 14:46:40.010" level="INFO">Selecting options from selection list 'css:select.form-control' by value teach.</msg>
<status status="PASS" starttime="20230607 14:46:40.008" endtime="20230607 14:46:40.176"/>
</kw>
<kw name="Select Checkbox" library="SeleniumLibrary">
<arg>terms</arg>
<doc>Selects the checkbox identified by ``locator``.</doc>
<msg timestamp="20230607 14:46:40.177" level="INFO">Selecting checkbox 'terms'.</msg>
<status status="PASS" starttime="20230607 14:46:40.177" endtime="20230607 14:46:40.272"/>
</kw>
<kw name="Checkbox Should Be Selected" library="SeleniumLibrary">
<arg>terms</arg>
<doc>Verifies checkbox ``locator`` is selected/checked.</doc>
<msg timestamp="20230607 14:46:40.272" level="INFO">Verifying checkbox 'terms' is selected.</msg>
<status status="PASS" starttime="20230607 14:46:40.272" endtime="20230607 14:46:40.299"/>
</kw>
<status status="PASS" starttime="20230607 14:46:38.702" endtime="20230607 14:46:40.299"/>
</kw>
<status status="PASS" starttime="20230607 14:46:33.204" endtime="20230607 14:46:40.299"/>
</test>
<doc>To validate the Login form</doc>
<status status="FAIL" starttime="20230607 14:46:17.555" endtime="20230607 14:46:40.301"/>
</suite>
<statistics>
<total>
<stat pass="2" fail="1" skip="0">All Tests</stat>
</total>
<tag>
</tag>
<suite>
<stat pass="2" fail="1" skip="0" id="s1" name="testDemo6">testDemo6</stat>
</suite>
</statistics>
<errors>
<msg timestamp="20230607 14:46:18.168" level="ERROR">Error in file 'C:\Users\Sneha\PycharmProjects\RobotFramework\tests\testDemo6.robot' on line 5: Importing library 'C:\Users\Sneha\PycharmProjects\RobotFramework\customLibraries\Shop.py' failed: IndentationError: unindent does not match any outer indentation level (Shop.py, line 11)
Traceback (most recent call last):
  None
PYTHONPATH:
  C:\Users\Sneha\PycharmProjects\RobotFramework\customLibraries
  C:\Users\Sneha\AppData\Local\Programs\Python\Python311\Scripts\robot.exe
  C:\Users\Sneha\AppData\Local\Programs\Python\Python311\python311.zip
  C:\Users\Sneha\AppData\Local\Programs\Python\Python311\DLLs
  C:\Users\Sneha\AppData\Local\Programs\Python\Python311\Lib
  C:\Users\Sneha\AppData\Local\Programs\Python\Python311
  C:\Users\Sneha\AppData\Local\Programs\Python\Python311\Lib\site-packages</msg>
</errors>
</robot>
